2015-02-12 17:51:31,140 - ResourceManager : unable to find resource 'VM_global_library.vm' in any resource loader.
2015-02-12 17:51:31,140 - Velocimacro : error using  VM library template VM_global_library.vm : org.apache.velocity.exception.ResourceNotFoundException: Unable to find resource 'VM_global_library.vm'
2015-02-12 17:51:31,140 - Velocimacro :  VM library template macro registration complete.
2015-02-12 17:51:31,140 - Velocimacro : allowInline = true : VMs can be defined inline in templates
2015-02-12 17:51:31,140 - Velocimacro : allowInlineToOverride = false : VMs defined inline may NOT replace previous VM definitions
2015-02-12 17:51:31,140 - Velocimacro : allowInlineLocal = false : VMs defined inline will be  global in scope if allowed.
2015-02-12 17:51:31,140 - Velocimacro : messages on  : VM system will output logging messages
2015-02-12 17:51:31,140 - Velocimacro : autoload off  : VM system will not automatically reload global library macros
2015-02-12 17:51:31,140 - Velocimacro : initialization complete.
2015-02-12 17:51:31,140 - Velocity successfully started.
2015-02-12 17:53:43,483 - SimpleLog4JLogSystem initialized using logfile 'velocity.log'
2015-02-12 17:53:43,483 - ************************************************************** 
2015-02-12 17:53:43,484 - Starting Jakarta Velocity v1.4
2015-02-12 17:53:43,484 - RuntimeInstance initializing.
2015-02-12 17:53:43,484 - Default Properties File: org/apache/velocity/runtime/defaults/velocity.properties
2015-02-12 17:53:43,484 - Trying to use logger class org.apache.velocity.runtime.log.SimpleLog4JLogSystem
2015-02-12 17:53:43,484 - Using logger class org.apache.velocity.runtime.log.SimpleLog4JLogSystem
2015-02-12 17:53:43,488 - Default ResourceManager initializing. (class org.apache.velocity.runtime.resource.ResourceManagerImpl)
2015-02-12 17:53:43,493 - Resource Loader Instantiated: org.apache.velocity.runtime.resource.loader.ClasspathResourceLoader
2015-02-12 17:53:43,493 - ClasspathResourceLoader : initialization starting.
2015-02-12 17:53:43,493 - ClasspathResourceLoader : initialization complete.
2015-02-12 17:53:43,496 - ResourceCache : initialized. (class org.apache.velocity.runtime.resource.ResourceCacheImpl)
2015-02-12 17:53:43,496 - Default ResourceManager initialization complete.
2015-02-12 17:53:43,499 - Loaded System Directive: org.apache.velocity.runtime.directive.Literal
2015-02-12 17:53:43,502 - Loaded System Directive: org.apache.velocity.runtime.directive.Macro
2015-02-12 17:53:43,506 - Loaded System Directive: org.apache.velocity.runtime.directive.Parse
2015-02-12 17:53:43,509 - Loaded System Directive: org.apache.velocity.runtime.directive.Include
2015-02-12 17:53:43,510 - Loaded System Directive: org.apache.velocity.runtime.directive.Foreach
2015-02-12 17:53:43,552 - Created: 20 parsers.
2015-02-12 17:53:43,557 - Velocimacro : initialization starting.
2015-02-12 17:53:43,557 - Velocimacro : adding VMs from VM library template : VM_global_library.vm
2015-02-12 17:53:43,560 - ResourceManager : unable to find resource 'VM_global_library.vm' in any resource loader.
2015-02-12 17:53:43,560 - Velocimacro : error using  VM library template VM_global_library.vm : org.apache.velocity.exception.ResourceNotFoundException: Unable to find resource 'VM_global_library.vm'
2015-02-12 17:53:43,560 - Velocimacro :  VM library template macro registration complete.
2015-02-12 17:53:43,561 - Velocimacro : allowInline = true : VMs can be defined inline in templates
2015-02-12 17:53:43,561 - Velocimacro : allowInlineToOverride = false : VMs defined inline may NOT replace previous VM definitions
2015-02-12 17:53:43,561 - Velocimacro : allowInlineLocal = false : VMs defined inline will be  global in scope if allowed.
2015-02-12 17:53:43,561 - Velocimacro : messages on  : VM system will output logging messages
2015-02-12 17:53:43,561 - Velocimacro : autoload off  : VM system will not automatically reload global library macros
2015-02-12 17:53:43,561 - Velocimacro : initialization complete.
2015-02-12 17:53:43,561 - Velocity successfully started.
2015-02-12 18:03:21,806 - SimpleLog4JLogSystem initialized using logfile 'velocity.log'
2015-02-12 18:03:21,806 - ************************************************************** 
2015-02-12 18:03:21,806 - Starting Jakarta Velocity v1.4
2015-02-12 18:03:21,806 - RuntimeInstance initializing.
2015-02-12 18:03:21,806 - Default Properties File: org/apache/velocity/runtime/defaults/velocity.properties
2015-02-12 18:03:21,806 - Trying to use logger class org.apache.velocity.runtime.log.SimpleLog4JLogSystem
2015-02-12 18:03:21,806 - Using logger class org.apache.velocity.runtime.log.SimpleLog4JLogSystem
2015-02-12 18:03:21,811 - Default ResourceManager initializing. (class org.apache.velocity.runtime.resource.ResourceManagerImpl)
2015-02-12 18:03:21,816 - Resource Loader Instantiated: org.apache.velocity.runtime.resource.loader.ClasspathResourceLoader
2015-02-12 18:03:21,816 - ClasspathResourceLoader : initialization starting.
2015-02-12 18:03:21,816 - ClasspathResourceLoader : initialization complete.
2015-02-12 18:03:21,819 - ResourceCache : initialized. (class org.apache.velocity.runtime.resource.ResourceCacheImpl)
2015-02-12 18:03:21,819 - Default ResourceManager initialization complete.
2015-02-12 18:03:21,822 - Loaded System Directive: org.apache.velocity.runtime.directive.Literal
2015-02-12 18:03:21,825 - Loaded System Directive: org.apache.velocity.runtime.directive.Macro
2015-02-12 18:03:21,829 - Loaded System Directive: org.apache.velocity.runtime.directive.Parse
2015-02-12 18:03:21,832 - Loaded System Directive: org.apache.velocity.runtime.directive.Include
2015-02-12 18:03:21,833 - Loaded System Directive: org.apache.velocity.runtime.directive.Foreach
2015-02-12 18:03:21,875 - Created: 20 parsers.
2015-02-12 18:03:21,880 - Velocimacro : initialization starting.
2015-02-12 18:03:21,880 - Velocimacro : adding VMs from VM library template : VM_global_library.vm
2015-02-12 18:03:21,883 - ResourceManager : unable to find resource 'VM_global_library.vm' in any resource loader.
2015-02-12 18:03:21,884 - Velocimacro : error using  VM library template VM_global_library.vm : org.apache.velocity.exception.ResourceNotFoundException: Unable to find resource 'VM_global_library.vm'
2015-02-12 18:03:21,884 - Velocimacro :  VM library template macro registration complete.
2015-02-12 18:03:21,884 - Velocimacro : allowInline = true : VMs can be defined inline in templates
2015-02-12 18:03:21,884 - Velocimacro : allowInlineToOverride = false : VMs defined inline may NOT replace previous VM definitions
2015-02-12 18:03:21,884 - Velocimacro : allowInlineLocal = false : VMs defined inline will be  global in scope if allowed.
2015-02-12 18:03:21,884 - Velocimacro : messages on  : VM system will output logging messages
2015-02-12 18:03:21,884 - Velocimacro : autoload off  : VM system will not automatically reload global library macros
2015-02-12 18:03:21,884 - Velocimacro : initialization complete.
2015-02-12 18:03:21,884 - Velocity successfully started.
2015-02-12 18:03:36,694 - SimpleLog4JLogSystem initialized using logfile 'velocity.log'
2015-02-12 18:03:36,694 - ************************************************************** 
2015-02-12 18:03:36,694 - Starting Jakarta Velocity v1.4
2015-02-12 18:03:36,694 - RuntimeInstance initializing.
2015-02-12 18:03:36,694 - Default Properties File: org/apache/velocity/runtime/defaults/velocity.properties
2015-02-12 18:03:36,695 - Trying to use logger class org.apache.velocity.runtime.log.SimpleLog4JLogSystem
2015-02-12 18:03:36,695 - Using logger class org.apache.velocity.runtime.log.SimpleLog4JLogSystem
2015-02-12 18:03:36,699 - Default ResourceManager initializing. (class org.apache.velocity.runtime.resource.ResourceManagerImpl)
2015-02-12 18:03:36,704 - Resource Loader Instantiated: org.apache.velocity.runtime.resource.loader.ClasspathResourceLoader
2015-02-12 18:03:36,704 - ClasspathResourceLoader : initialization starting.
2015-02-12 18:03:36,704 - ClasspathResourceLoader : initialization complete.
2015-02-12 18:03:36,707 - ResourceCache : initialized. (class org.apache.velocity.runtime.resource.ResourceCacheImpl)
2015-02-12 18:03:36,707 - Default ResourceManager initialization complete.
2015-02-12 18:03:36,710 - Loaded System Directive: org.apache.velocity.runtime.directive.Literal
2015-02-12 18:03:36,713 - Loaded System Directive: org.apache.velocity.runtime.directive.Macro
2015-02-12 18:03:36,717 - Loaded System Directive: org.apache.velocity.runtime.directive.Parse
2015-02-12 18:03:36,720 - Loaded System Directive: org.apache.velocity.runtime.directive.Include
2015-02-12 18:03:36,721 - Loaded System Directive: org.apache.velocity.runtime.directive.Foreach
2015-02-12 18:03:36,762 - Created: 20 parsers.
2015-02-12 18:03:36,767 - Velocimacro : initialization starting.
2015-02-12 18:03:36,767 - Velocimacro : adding VMs from VM library template : VM_global_library.vm
2015-02-12 18:03:36,771 - ResourceManager : unable to find resource 'VM_global_library.vm' in any resource loader.
2015-02-12 18:03:36,771 - Velocimacro : error using  VM library template VM_global_library.vm : org.apache.velocity.exception.ResourceNotFoundException: Unable to find resource 'VM_global_library.vm'
2015-02-12 18:03:36,771 - Velocimacro :  VM library template macro registration complete.
2015-02-12 18:03:36,771 - Velocimacro : allowInline = true : VMs can be defined inline in templates
2015-02-12 18:03:36,771 - Velocimacro : allowInlineToOverride = false : VMs defined inline may NOT replace previous VM definitions
2015-02-12 18:03:36,771 - Velocimacro : allowInlineLocal = false : VMs defined inline will be  global in scope if allowed.
2015-02-12 18:03:36,771 - Velocimacro : messages on  : VM system will output logging messages
2015-02-12 18:03:36,771 - Velocimacro : autoload off  : VM system will not automatically reload global library macros
2015-02-12 18:03:36,771 - Velocimacro : initialization complete.
2015-02-12 18:03:36,771 - Velocity successfully started.
